<?xml version="1.0" encoding="UTF-8"?>
<!-- Generated by org.testng.reporters.JUnitReportReporter -->
<testsuite skipped="0" hostname="Admins-MacBook-Pro-2.local" name="testScripts.TC002" tests="1" failures="0" timestamp="08 Dec 2019 10:42:35 GMT" time="21.635" errors="0">
  <testcase name="searchProductWithPrice" time="21.635" classname="testScripts.TC002"/>
</testsuite> <!-- testScripts.TC002 -->
